  pch.cpp
  no_color_diffrence.cpp
e:\opencv\build\include\opencv2\calib3d.hpp : warning C4819: 檔案含有無法在目前字碼頁 (950) 中表示的字元。請以 Unicode 格式儲存檔案以防止資料遺失
c:\users\user\desktop\vision_homework\no_color_diffrence\no_color_diffrence\no_color_diffrence.cpp(165): warning C4244: '+=': 將 'double' 轉換為 'int'，由於類型不同，可能導致資料遺失
c:\users\user\desktop\vision_homework\no_color_diffrence\no_color_diffrence\no_color_diffrence.cpp(171): warning C4267: '=': 將 'size_t' 轉換為 'int'，資料可能遺失
c:\users\user\desktop\vision_homework\no_color_diffrence\no_color_diffrence\no_color_diffrence.cpp(254): warning C4267: '正在初始化': 將 'size_t' 轉換為 'int'，資料可能遺失
c:\users\user\desktop\vision_homework\no_color_diffrence\no_color_diffrence\no_color_diffrence.cpp(255): warning C4267: '正在初始化': 將 'size_t' 轉換為 'int'，資料可能遺失
c:\users\user\desktop\vision_homework\no_color_diffrence\no_color_diffrence\no_color_diffrence.cpp(278): warning C4267: '正在初始化': 將 'size_t' 轉換為 'int'，資料可能遺失
c:\users\user\desktop\vision_homework\no_color_diffrence\no_color_diffrence\no_color_diffrence.cpp(279): warning C4267: '正在初始化': 將 'size_t' 轉換為 'int'，資料可能遺失
c:\users\user\desktop\vision_homework\no_color_diffrence\no_color_diffrence\no_color_diffrence.cpp(293): warning C4267: '正在初始化': 將 'size_t' 轉換為 'int'，資料可能遺失
c:\users\user\desktop\vision_homework\no_color_diffrence\no_color_diffrence\no_color_diffrence.cpp(294): warning C4267: '正在初始化': 將 'size_t' 轉換為 'int'，資料可能遺失
c:\users\user\desktop\vision_homework\no_color_diffrence\no_color_diffrence\no_color_diffrence.cpp(295): warning C4101: 'total': 未參考的區域變數
c:\users\user\desktop\vision_homework\no_color_diffrence\no_color_diffrence\no_color_diffrence.cpp(295): warning C4101: 'first': 未參考的區域變數
c:\users\user\desktop\vision_homework\no_color_diffrence\no_color_diffrence\no_color_diffrence.cpp(295): warning C4101: 'third': 未參考的區域變數
c:\users\user\desktop\vision_homework\no_color_diffrence\no_color_diffrence\no_color_diffrence.cpp(295): warning C4101: 'second': 未參考的區域變數
c:\users\user\desktop\vision_homework\no_color_diffrence\no_color_diffrence\no_color_diffrence.cpp(328): warning C4267: '正在初始化': 將 'size_t' 轉換為 'int'，資料可能遺失
c:\users\user\desktop\vision_homework\no_color_diffrence\no_color_diffrence\no_color_diffrence.cpp(329): warning C4267: '正在初始化': 將 'size_t' 轉換為 'int'，資料可能遺失
c:\users\user\desktop\vision_homework\no_color_diffrence\no_color_diffrence\no_color_diffrence.cpp(349): warning C4267: '正在初始化': 將 'size_t' 轉換為 'int'，資料可能遺失
c:\users\user\desktop\vision_homework\no_color_diffrence\no_color_diffrence\no_color_diffrence.cpp(350): warning C4267: '正在初始化': 將 'size_t' 轉換為 'int'，資料可能遺失
c:\users\user\desktop\vision_homework\no_color_diffrence\no_color_diffrence\no_color_diffrence.cpp(357): warning C4244: '=': 將 '_Ty' 轉換為 'int'，由於類型不同，可能導致資料遺失
          with
          [
              _Ty=double
          ]
c:\users\user\desktop\vision_homework\no_color_diffrence\no_color_diffrence\no_color_diffrence.cpp(368): warning C4244: '正在初始化': 將 '_Ty' 轉換為 'int'，由於類型不同，可能導致資料遺失
          with
          [
              _Ty=double
          ]
c:\users\user\desktop\vision_homework\no_color_diffrence\no_color_diffrence\no_color_diffrence.cpp(384): warning C4267: '正在初始化': 將 'size_t' 轉換為 'int'，資料可能遺失
c:\users\user\desktop\vision_homework\no_color_diffrence\no_color_diffrence\no_color_diffrence.cpp(385): warning C4267: '正在初始化': 將 'size_t' 轉換為 'int'，資料可能遺失
c:\users\user\desktop\vision_homework\no_color_diffrence\no_color_diffrence\no_color_diffrence.cpp(460): warning C4267: '正在初始化': 將 'size_t' 轉換為 'int'，資料可能遺失
c:\users\user\desktop\vision_homework\no_color_diffrence\no_color_diffrence\no_color_diffrence.cpp(461): warning C4267: '正在初始化': 將 'size_t' 轉換為 'int'，資料可能遺失
c:\users\user\desktop\vision_homework\no_color_diffrence\no_color_diffrence\no_color_diffrence.cpp(478): warning C4267: '正在初始化': 將 'size_t' 轉換為 'int'，資料可能遺失
c:\users\user\desktop\vision_homework\no_color_diffrence\no_color_diffrence\no_color_diffrence.cpp(479): warning C4267: '正在初始化': 將 'size_t' 轉換為 'int'，資料可能遺失
c:\users\user\desktop\vision_homework\no_color_diffrence\no_color_diffrence\no_color_diffrence.cpp(493): warning C4267: '正在初始化': 將 'size_t' 轉換為 'int'，資料可能遺失
c:\users\user\desktop\vision_homework\no_color_diffrence\no_color_diffrence\no_color_diffrence.cpp(494): warning C4267: '正在初始化': 將 'size_t' 轉換為 'int'，資料可能遺失
c:\users\user\desktop\vision_homework\no_color_diffrence\no_color_diffrence\no_color_diffrence.cpp(517): warning C4267: '正在初始化': 將 'size_t' 轉換為 'int'，資料可能遺失
c:\users\user\desktop\vision_homework\no_color_diffrence\no_color_diffrence\no_color_diffrence.cpp(518): warning C4267: '正在初始化': 將 'size_t' 轉換為 'int'，資料可能遺失
c:\users\user\desktop\vision_homework\no_color_diffrence\no_color_diffrence\no_color_diffrence.cpp(558): warning C4267: '正在初始化': 將 'size_t' 轉換為 'int'，資料可能遺失
c:\users\user\desktop\vision_homework\no_color_diffrence\no_color_diffrence\no_color_diffrence.cpp(559): warning C4267: '正在初始化': 將 'size_t' 轉換為 'int'，資料可能遺失
  no_color_diffrence.vcxproj -> C:\Users\USER\Desktop\vision_homework\no_color_diffrence\x64\Debug\no_color_diffrence.exe
