  pch.cpp
  color_diffrence.cpp
e:\opencv\build\include\opencv2\calib3d.hpp : warning C4819: 檔案含有無法在目前字碼頁 (950) 中表示的字元。請以 Unicode 格式儲存檔案以防止資料遺失
c:\users\user\desktop\vision_homework\color_diffrence\color_diffrence\color_diffrence.cpp(155): warning C4244: '+=': 將 'double' 轉換為 'int'，由於類型不同，可能導致資料遺失
c:\users\user\desktop\vision_homework\color_diffrence\color_diffrence\color_diffrence.cpp(161): warning C4267: '=': 將 'size_t' 轉換為 'int'，資料可能遺失
c:\users\user\desktop\vision_homework\color_diffrence\color_diffrence\color_diffrence.cpp(244): warning C4267: '正在初始化': 將 'size_t' 轉換為 'int'，資料可能遺失
c:\users\user\desktop\vision_homework\color_diffrence\color_diffrence\color_diffrence.cpp(245): warning C4267: '正在初始化': 將 'size_t' 轉換為 'int'，資料可能遺失
c:\users\user\desktop\vision_homework\color_diffrence\color_diffrence\color_diffrence.cpp(268): warning C4267: '正在初始化': 將 'size_t' 轉換為 'int'，資料可能遺失
c:\users\user\desktop\vision_homework\color_diffrence\color_diffrence\color_diffrence.cpp(269): warning C4267: '正在初始化': 將 'size_t' 轉換為 'int'，資料可能遺失
c:\users\user\desktop\vision_homework\color_diffrence\color_diffrence\color_diffrence.cpp(283): warning C4267: '正在初始化': 將 'size_t' 轉換為 'int'，資料可能遺失
c:\users\user\desktop\vision_homework\color_diffrence\color_diffrence\color_diffrence.cpp(284): warning C4267: '正在初始化': 將 'size_t' 轉換為 'int'，資料可能遺失
c:\users\user\desktop\vision_homework\color_diffrence\color_diffrence\color_diffrence.cpp(285): warning C4101: 'total': 未參考的區域變數
c:\users\user\desktop\vision_homework\color_diffrence\color_diffrence\color_diffrence.cpp(285): warning C4101: 'first': 未參考的區域變數
c:\users\user\desktop\vision_homework\color_diffrence\color_diffrence\color_diffrence.cpp(285): warning C4101: 'third': 未參考的區域變數
c:\users\user\desktop\vision_homework\color_diffrence\color_diffrence\color_diffrence.cpp(285): warning C4101: 'second': 未參考的區域變數
c:\users\user\desktop\vision_homework\color_diffrence\color_diffrence\color_diffrence.cpp(318): warning C4267: '正在初始化': 將 'size_t' 轉換為 'int'，資料可能遺失
c:\users\user\desktop\vision_homework\color_diffrence\color_diffrence\color_diffrence.cpp(319): warning C4267: '正在初始化': 將 'size_t' 轉換為 'int'，資料可能遺失
c:\users\user\desktop\vision_homework\color_diffrence\color_diffrence\color_diffrence.cpp(339): warning C4267: '正在初始化': 將 'size_t' 轉換為 'int'，資料可能遺失
c:\users\user\desktop\vision_homework\color_diffrence\color_diffrence\color_diffrence.cpp(340): warning C4267: '正在初始化': 將 'size_t' 轉換為 'int'，資料可能遺失
c:\users\user\desktop\vision_homework\color_diffrence\color_diffrence\color_diffrence.cpp(347): warning C4244: '=': 將 '_Ty' 轉換為 'int'，由於類型不同，可能導致資料遺失
          with
          [
              _Ty=double
          ]
c:\users\user\desktop\vision_homework\color_diffrence\color_diffrence\color_diffrence.cpp(358): warning C4244: '正在初始化': 將 '_Ty' 轉換為 'int'，由於類型不同，可能導致資料遺失
          with
          [
              _Ty=double
          ]
c:\users\user\desktop\vision_homework\color_diffrence\color_diffrence\color_diffrence.cpp(374): warning C4267: '正在初始化': 將 'size_t' 轉換為 'int'，資料可能遺失
c:\users\user\desktop\vision_homework\color_diffrence\color_diffrence\color_diffrence.cpp(375): warning C4267: '正在初始化': 將 'size_t' 轉換為 'int'，資料可能遺失
c:\users\user\desktop\vision_homework\color_diffrence\color_diffrence\color_diffrence.cpp(450): warning C4267: '正在初始化': 將 'size_t' 轉換為 'int'，資料可能遺失
c:\users\user\desktop\vision_homework\color_diffrence\color_diffrence\color_diffrence.cpp(451): warning C4267: '正在初始化': 將 'size_t' 轉換為 'int'，資料可能遺失
c:\users\user\desktop\vision_homework\color_diffrence\color_diffrence\color_diffrence.cpp(468): warning C4267: '正在初始化': 將 'size_t' 轉換為 'int'，資料可能遺失
c:\users\user\desktop\vision_homework\color_diffrence\color_diffrence\color_diffrence.cpp(469): warning C4267: '正在初始化': 將 'size_t' 轉換為 'int'，資料可能遺失
c:\users\user\desktop\vision_homework\color_diffrence\color_diffrence\color_diffrence.cpp(483): warning C4267: '正在初始化': 將 'size_t' 轉換為 'int'，資料可能遺失
c:\users\user\desktop\vision_homework\color_diffrence\color_diffrence\color_diffrence.cpp(484): warning C4267: '正在初始化': 將 'size_t' 轉換為 'int'，資料可能遺失
c:\users\user\desktop\vision_homework\color_diffrence\color_diffrence\color_diffrence.cpp(507): warning C4267: '正在初始化': 將 'size_t' 轉換為 'int'，資料可能遺失
c:\users\user\desktop\vision_homework\color_diffrence\color_diffrence\color_diffrence.cpp(508): warning C4267: '正在初始化': 將 'size_t' 轉換為 'int'，資料可能遺失
c:\users\user\desktop\vision_homework\color_diffrence\color_diffrence\color_diffrence.cpp(548): warning C4267: '正在初始化': 將 'size_t' 轉換為 'int'，資料可能遺失
c:\users\user\desktop\vision_homework\color_diffrence\color_diffrence\color_diffrence.cpp(549): warning C4267: '正在初始化': 將 'size_t' 轉換為 'int'，資料可能遺失
  color_diffrence.vcxproj -> C:\Users\USER\Desktop\vision_homework\color_diffrence\x64\Debug\color_diffrence.exe
